2026-01-30 10:00:29.260 INFO  com.example.DemoApplication - Starting DemoApplication using Java 17.0.17 with PID 30416 (C:\Users\Advait\Intelli-j\JAVA_Backend\IdeaProjects\demo\target\classes started by Advait in C:\Users\Advait\Intelli-j\JAVA_Backend)
2026-01-30 10:00:29.262 INFO  com.example.DemoApplication - No active profile set, falling back to 1 default profile: "default"
2026-01-30 10:00:29.306 INFO  org.springframework.boot.devtools.env.DevToolsPropertyDefaultsPostProcessor - Devtools property defaults active! Set 'spring.devtools.add-properties' to 'false' to disable
2026-01-30 10:00:29.306 INFO  org.springframework.boot.devtools.env.DevToolsPropertyDefaultsPostProcessor - For additional web related logging consider setting the 'logging.level.web' property to 'DEBUG'
2026-01-30 10:00:30.125 INFO  org.springframework.data.repository.config.RepositoryConfigurationDelegate - Bootstrapping Spring Data JPA repositories in DEFAULT mode.
2026-01-30 10:00:30.214 INFO  org.springframework.data.repository.config.RepositoryConfigurationDelegate - Finished Spring Data repository scanning in 76 ms. Found 17 JPA repository interfaces.
2026-01-30 10:00:30.521 INFO  com.example.DemoApplication - Starting DemoApplication using Java 17.0.17 with PID 7572 (C:\Users\Advait\Intelli-j\JAVA_Backend\IdeaProjects\demo\target\classes started by Advait in C:\Users\Advait\Intelli-j\JAVA_Backend)
2026-01-30 10:00:30.524 INFO  com.example.DemoApplication - No active profile set, falling back to 1 default profile: "default"
2026-01-30 10:00:30.567 INFO  org.springframework.boot.devtools.env.DevToolsPropertyDefaultsPostProcessor - Devtools property defaults active! Set 'spring.devtools.add-properties' to 'false' to disable
2026-01-30 10:00:30.567 INFO  org.springframework.boot.devtools.env.DevToolsPropertyDefaultsPostProcessor - For additional web related logging consider setting the 'logging.level.web' property to 'DEBUG'
2026-01-30 10:00:30.980 INFO  org.springframework.boot.tomcat.TomcatWebServer - Tomcat initialized with port 8080 (http)
2026-01-30 10:00:30.987 INFO  org.apache.coyote.http11.Http11NioProtocol - Initializing ProtocolHandler ["http-nio-8080"]
2026-01-30 10:00:30.988 INFO  org.apache.catalina.core.StandardService - Starting service [Tomcat]
2026-01-30 10:00:30.988 INFO  org.apache.catalina.core.StandardEngine - Starting Servlet engine: [Apache Tomcat/11.0.15]
2026-01-30 10:00:31.030 INFO  org.springframework.boot.web.context.servlet.WebApplicationContextInitializer - Root WebApplicationContext: initialization completed in 1722 ms
2026-01-30 10:00:31.236 INFO  org.springframework.data.repository.config.RepositoryConfigurationDelegate - Bootstrapping Spring Data JPA repositories in DEFAULT mode.
2026-01-30 10:00:31.249 INFO  org.hibernate.orm.jpa - HHH008540: Processing PersistenceUnitInfo [name: default]
2026-01-30 10:00:31.292 INFO  org.hibernate.orm.core - HHH000001: Hibernate ORM core version 7.2.0.Final
2026-01-30 10:00:31.309 INFO  org.springframework.data.repository.config.RepositoryConfigurationDelegate - Finished Spring Data repository scanning in 59 ms. Found 17 JPA repository interfaces.
2026-01-30 10:00:31.606 INFO  org.springframework.orm.jpa.persistenceunit.SpringPersistenceUnitInfo - No LoadTimeWeaver setup: ignoring JPA class transformer
2026-01-30 10:00:31.629 INFO  com.zaxxer.hikari.HikariDataSource - HikariPool-1 - Starting...
2026-01-30 10:00:31.826 INFO  com.zaxxer.hikari.pool.HikariPool - HikariPool-1 - Added connection com.mysql.cj.jdbc.ConnectionImpl@34bff415
2026-01-30 10:00:31.828 INFO  com.zaxxer.hikari.HikariDataSource - HikariPool-1 - Start completed.
2026-01-30 10:00:31.869 WARN  org.hibernate.orm.deprecation - HHH90000025: MySQLDialect does not need to be specified explicitly using 'hibernate.dialect' (remove the property setting and it will be selected by default)
2026-01-30 10:00:31.884 INFO  org.hibernate.orm.connections.pooling - HHH10001005: Database info:
	Database JDBC URL [jdbc:mysql://localhost:3306/fleeman?useUnicode=true&characterEncoding=UTF-8&character_set_server=utf8mb4]
	Database driver: MySQL Connector/J
	Database dialect: MySQLDialect
	Database version: 8.0.35
	Default catalog/schema: fleeman/undefined
	Autocommit mode: undefined/unknown
	Isolation level: REPEATABLE_READ [default REPEATABLE_READ]
	JDBC fetch size: none
	Pool: DataSourceConnectionProvider
	Minimum pool size: undefined/unknown
	Maximum pool size: undefined/unknown
2026-01-30 10:00:31.925 INFO  org.springframework.boot.tomcat.TomcatWebServer - Tomcat initialized with port 8080 (http)
2026-01-30 10:00:31.932 INFO  org.apache.coyote.http11.Http11NioProtocol - Initializing ProtocolHandler ["http-nio-8080"]
2026-01-30 10:00:31.934 INFO  org.apache.catalina.core.StandardService - Starting service [Tomcat]
2026-01-30 10:00:31.934 INFO  org.apache.catalina.core.StandardEngine - Starting Servlet engine: [Apache Tomcat/11.0.15]
2026-01-30 10:00:31.984 INFO  org.springframework.boot.web.context.servlet.WebApplicationContextInitializer - Root WebApplicationContext: initialization completed in 1416 ms
2026-01-30 10:00:32.226 INFO  org.hibernate.orm.jpa - HHH008540: Processing PersistenceUnitInfo [name: default]
2026-01-30 10:00:32.265 INFO  org.hibernate.orm.core - HHH000001: Hibernate ORM core version 7.2.0.Final
2026-01-30 10:00:32.582 INFO  org.springframework.orm.jpa.persistenceunit.SpringPersistenceUnitInfo - No LoadTimeWeaver setup: ignoring JPA class transformer
2026-01-30 10:00:32.615 INFO  com.zaxxer.hikari.HikariDataSource - HikariPool-1 - Starting...
2026-01-30 10:00:32.812 INFO  com.zaxxer.hikari.pool.HikariPool - HikariPool-1 - Added connection com.mysql.cj.jdbc.ConnectionImpl@216311b0
2026-01-30 10:00:32.814 INFO  com.zaxxer.hikari.HikariDataSource - HikariPool-1 - Start completed.
2026-01-30 10:00:32.853 WARN  org.hibernate.orm.deprecation - HHH90000025: MySQLDialect does not need to be specified explicitly using 'hibernate.dialect' (remove the property setting and it will be selected by default)
2026-01-30 10:00:32.861 INFO  org.hibernate.orm.core - HHH000489: No JTA platform available (set 'hibernate.transaction.jta.platform' to enable JTA platform integration)
2026-01-30 10:00:32.867 INFO  org.hibernate.orm.connections.pooling - HHH10001005: Database info:
	Database JDBC URL [jdbc:mysql://localhost:3306/fleeman?useUnicode=true&characterEncoding=UTF-8&character_set_server=utf8mb4]
	Database driver: MySQL Connector/J
	Database dialect: MySQLDialect
	Database version: 8.0.35
	Default catalog/schema: fleeman/undefined
	Autocommit mode: undefined/unknown
	Isolation level: REPEATABLE_READ [default REPEATABLE_READ]
	JDBC fetch size: none
	Pool: DataSourceConnectionProvider
	Minimum pool size: undefined/unknown
	Maximum pool size: undefined/unknown
2026-01-30 10:00:32.940 INFO  org.springframework.orm.jpa.LocalContainerEntityManagerFactoryBean - Initialized JPA EntityManagerFactory for persistence unit 'default'
2026-01-30 10:00:33.043 INFO  org.springframework.data.jpa.repository.query.QueryEnhancerFactories - Hibernate is in classpath; If applicable, HQL parser will be used.
2026-01-30 10:00:33.540 WARN  org.springframework.aop.framework.CglibAopProxy - Public final method [public final void org.springframework.security.oauth2.client.userinfo.DefaultOAuth2UserService.setRequestEntityConverter(org.springframework.core.convert.converter.Converter)] cannot get proxied via CGLIB, consider removing the final marker or using interface-based JDK proxies.
2026-01-30 10:00:33.540 WARN  org.springframework.aop.framework.CglibAopProxy - Public final method [public final void org.springframework.security.oauth2.client.userinfo.DefaultOAuth2UserService.setRestOperations(org.springframework.web.client.RestOperations)] cannot get proxied via CGLIB, consider removing the final marker or using interface-based JDK proxies.
2026-01-30 10:00:33.861 INFO  org.hibernate.orm.core - HHH000489: No JTA platform available (set 'hibernate.transaction.jta.platform' to enable JTA platform integration)
2026-01-30 10:00:33.930 INFO  org.springframework.orm.jpa.LocalContainerEntityManagerFactoryBean - Initialized JPA EntityManagerFactory for persistence unit 'default'
2026-01-30 10:00:33.948 WARN  org.springframework.boot.jpa.autoconfigure.JpaBaseConfiguration$JpaWebConfiguration - spring.jpa.open-in-view is enabled by default. Therefore, database queries may be performed during view rendering. Explicitly configure spring.jpa.open-in-view to disable this warning
2026-01-30 10:00:34.012 INFO  org.springframework.data.jpa.repository.query.QueryEnhancerFactories - Hibernate is in classpath; If applicable, HQL parser will be used.
2026-01-30 10:00:34.509 WARN  org.springframework.aop.framework.CglibAopProxy - Public final method [public final void org.springframework.security.oauth2.client.userinfo.DefaultOAuth2UserService.setRequestEntityConverter(org.springframework.core.convert.converter.Converter)] cannot get proxied via CGLIB, consider removing the final marker or using interface-based JDK proxies.
2026-01-30 10:00:34.509 WARN  org.springframework.aop.framework.CglibAopProxy - Public final method [public final void org.springframework.security.oauth2.client.userinfo.DefaultOAuth2UserService.setRestOperations(org.springframework.web.client.RestOperations)] cannot get proxied via CGLIB, consider removing the final marker or using interface-based JDK proxies.
2026-01-30 10:00:34.672 INFO  org.springframework.boot.actuate.endpoint.web.EndpointLinksResolver - Exposing 3 endpoints beneath base path '/actuator'
2026-01-30 10:00:34.717 INFO  org.apache.coyote.http11.Http11NioProtocol - Starting ProtocolHandler ["http-nio-8080"]
2026-01-30 10:00:34.731 INFO  org.springframework.boot.tomcat.TomcatWebServer - Tomcat started on port 8080 (http) with context path '/'
2026-01-30 10:00:34.737 INFO  com.example.DemoApplication - Started DemoApplication in 5.87 seconds (process running for 6.266)
2026-01-30 10:00:34.888 WARN  org.springframework.boot.jpa.autoconfigure.JpaBaseConfiguration$JpaWebConfiguration - spring.jpa.open-in-view is enabled by default. Therefore, database queries may be performed during view rendering. Explicitly configure spring.jpa.open-in-view to disable this warning
2026-01-30 10:00:35.508 INFO  org.springframework.boot.actuate.endpoint.web.EndpointLinksResolver - Exposing 3 endpoints beneath base path '/actuator'
2026-01-30 10:00:35.556 INFO  org.apache.coyote.http11.Http11NioProtocol - Starting ProtocolHandler ["http-nio-8080"]
2026-01-30 10:00:35.560 WARN  org.springframework.boot.web.server.servlet.context.AnnotationConfigServletWebServerApplicationContext - Exception encountered during context initialization - cancelling refresh attempt: org.springframework.context.ApplicationContextException: Failed to start bean 'webServerStartStop'
2026-01-30 10:00:35.566 INFO  org.springframework.orm.jpa.LocalContainerEntityManagerFactoryBean - Closing JPA EntityManagerFactory for persistence unit 'default'
2026-01-30 10:00:35.569 INFO  com.zaxxer.hikari.HikariDataSource - HikariPool-1 - Shutdown initiated...
2026-01-30 10:00:35.574 INFO  com.zaxxer.hikari.HikariDataSource - HikariPool-1 - Shutdown completed.
2026-01-30 10:00:35.584 INFO  org.springframework.boot.autoconfigure.logging.ConditionEvaluationReportLogger - 

Error starting ApplicationContext. To display the condition evaluation report re-run your application with 'debug' enabled.
2026-01-30 10:00:35.596 ERROR org.springframework.boot.diagnostics.LoggingFailureAnalysisReporter - 

***************************
APPLICATION FAILED TO START
***************************

Description:

Web server failed to start. Port 8080 was already in use.

Action:

Identify and stop the process that's listening on port 8080 or configure this application to listen on another port.

2026-01-30 10:00:58.478 INFO  org.springframework.boot.tomcat.GracefulShutdown - Commencing graceful shutdown. Waiting for active requests to complete
2026-01-30 10:00:58.653 INFO  org.springframework.boot.tomcat.GracefulShutdown - Graceful shutdown complete
2026-01-30 10:00:58.659 INFO  org.springframework.orm.jpa.LocalContainerEntityManagerFactoryBean - Closing JPA EntityManagerFactory for persistence unit 'default'
2026-01-30 10:00:58.661 INFO  com.zaxxer.hikari.HikariDataSource - HikariPool-1 - Shutdown initiated...
2026-01-30 10:00:58.666 INFO  com.zaxxer.hikari.HikariDataSource - HikariPool-1 - Shutdown completed.
2026-01-30 10:01:03.794 INFO  com.example.DemoApplication - Starting DemoApplication using Java 17.0.17 with PID 3792 (C:\Users\Advait\Intelli-j\JAVA_Backend\IdeaProjects\demo\target\classes started by Advait in C:\Users\Advait\Intelli-j\JAVA_Backend)
2026-01-30 10:01:03.797 INFO  com.example.DemoApplication - No active profile set, falling back to 1 default profile: "default"
2026-01-30 10:01:03.837 INFO  org.springframework.boot.devtools.env.DevToolsPropertyDefaultsPostProcessor - Devtools property defaults active! Set 'spring.devtools.add-properties' to 'false' to disable
2026-01-30 10:01:03.837 INFO  org.springframework.boot.devtools.env.DevToolsPropertyDefaultsPostProcessor - For additional web related logging consider setting the 'logging.level.web' property to 'DEBUG'
2026-01-30 10:01:04.478 INFO  org.springframework.data.repository.config.RepositoryConfigurationDelegate - Bootstrapping Spring Data JPA repositories in DEFAULT mode.
2026-01-30 10:01:04.552 INFO  org.springframework.data.repository.config.RepositoryConfigurationDelegate - Finished Spring Data repository scanning in 66 ms. Found 17 JPA repository interfaces.
2026-01-30 10:01:05.158 INFO  org.springframework.boot.tomcat.TomcatWebServer - Tomcat initialized with port 8080 (http)
2026-01-30 10:01:05.165 INFO  org.apache.coyote.http11.Http11NioProtocol - Initializing ProtocolHandler ["http-nio-8080"]
2026-01-30 10:01:05.167 INFO  org.apache.catalina.core.StandardService - Starting service [Tomcat]
2026-01-30 10:01:05.167 INFO  org.apache.catalina.core.StandardEngine - Starting Servlet engine: [Apache Tomcat/11.0.15]
2026-01-30 10:01:05.212 INFO  org.springframework.boot.web.context.servlet.WebApplicationContextInitializer - Root WebApplicationContext: initialization completed in 1373 ms
2026-01-30 10:01:05.415 INFO  org.hibernate.orm.jpa - HHH008540: Processing PersistenceUnitInfo [name: default]
2026-01-30 10:01:05.448 INFO  org.hibernate.orm.core - HHH000001: Hibernate ORM core version 7.2.0.Final
2026-01-30 10:01:05.749 INFO  org.springframework.orm.jpa.persistenceunit.SpringPersistenceUnitInfo - No LoadTimeWeaver setup: ignoring JPA class transformer
2026-01-30 10:01:05.771 INFO  com.zaxxer.hikari.HikariDataSource - HikariPool-1 - Starting...
2026-01-30 10:01:05.962 INFO  com.zaxxer.hikari.pool.HikariPool - HikariPool-1 - Added connection com.mysql.cj.jdbc.ConnectionImpl@7a9dfa88
2026-01-30 10:01:05.963 INFO  com.zaxxer.hikari.HikariDataSource - HikariPool-1 - Start completed.
2026-01-30 10:01:06.004 WARN  org.hibernate.orm.deprecation - HHH90000025: MySQLDialect does not need to be specified explicitly using 'hibernate.dialect' (remove the property setting and it will be selected by default)
2026-01-30 10:01:06.018 INFO  org.hibernate.orm.connections.pooling - HHH10001005: Database info:
	Database JDBC URL [jdbc:mysql://localhost:3306/fleeman?useUnicode=true&characterEncoding=UTF-8&character_set_server=utf8mb4]
	Database driver: MySQL Connector/J
	Database dialect: MySQLDialect
	Database version: 8.0.35
	Default catalog/schema: fleeman/undefined
	Autocommit mode: undefined/unknown
	Isolation level: REPEATABLE_READ [default REPEATABLE_READ]
	JDBC fetch size: none
	Pool: DataSourceConnectionProvider
	Minimum pool size: undefined/unknown
	Maximum pool size: undefined/unknown
2026-01-30 10:01:06.873 INFO  org.hibernate.orm.core - HHH000489: No JTA platform available (set 'hibernate.transaction.jta.platform' to enable JTA platform integration)
2026-01-30 10:01:06.942 INFO  org.springframework.orm.jpa.LocalContainerEntityManagerFactoryBean - Initialized JPA EntityManagerFactory for persistence unit 'default'
2026-01-30 10:01:07.036 INFO  org.springframework.data.jpa.repository.query.QueryEnhancerFactories - Hibernate is in classpath; If applicable, HQL parser will be used.
2026-01-30 10:01:07.504 WARN  org.springframework.aop.framework.CglibAopProxy - Public final method [public final void org.springframework.security.oauth2.client.userinfo.DefaultOAuth2UserService.setRestOperations(org.springframework.web.client.RestOperations)] cannot get proxied via CGLIB, consider removing the final marker or using interface-based JDK proxies.
2026-01-30 10:01:07.505 WARN  org.springframework.aop.framework.CglibAopProxy - Public final method [public final void org.springframework.security.oauth2.client.userinfo.DefaultOAuth2UserService.setRequestEntityConverter(org.springframework.core.convert.converter.Converter)] cannot get proxied via CGLIB, consider removing the final marker or using interface-based JDK proxies.
2026-01-30 10:01:07.887 WARN  org.springframework.boot.jpa.autoconfigure.JpaBaseConfiguration$JpaWebConfiguration - spring.jpa.open-in-view is enabled by default. Therefore, database queries may be performed during view rendering. Explicitly configure spring.jpa.open-in-view to disable this warning
2026-01-30 10:01:08.514 INFO  org.springframework.boot.actuate.endpoint.web.EndpointLinksResolver - Exposing 3 endpoints beneath base path '/actuator'
2026-01-30 10:01:08.556 INFO  org.apache.coyote.http11.Http11NioProtocol - Starting ProtocolHandler ["http-nio-8080"]
2026-01-30 10:01:08.563 INFO  org.springframework.boot.tomcat.TomcatWebServer - Tomcat started on port 8080 (http) with context path '/'
2026-01-30 10:01:08.569 INFO  com.example.DemoApplication - Started DemoApplication in 5.174 seconds (process running for 5.536)
2026-01-30 10:01:47.035 INFO  org.apache.catalina.core.ContainerBase.[Tomcat].[localhost].[/] - Initializing Spring DispatcherServlet 'dispatcherServlet'
2026-01-30 10:01:47.035 INFO  org.springframework.web.servlet.DispatcherServlet - Initializing Servlet 'dispatcherServlet'
2026-01-30 10:01:47.038 INFO  org.springframework.web.servlet.DispatcherServlet - Completed initialization in 3 ms
2026-01-30 10:04:18.292 INFO  com.example.service.CustomOAuth2UserService - =================================================
2026-01-30 10:04:18.292 INFO  com.example.service.CustomOAuth2UserService - 🚀 STARTED: OAuth2 User Load Request
2026-01-30 10:04:18.565 INFO  com.example.service.CustomOAuth2UserService - ✅ SUCCESS: Google User Loaded. Attributes: {sub=111416789220180428551, name=Advait Patil, given_name=Advait, family_name=Patil, picture=https://lh3.googleusercontent.com/a/ACg8ocK1d8q1wG26VVqsJ6QFWTviORgrVIbJMZg_umUBt4Y4p2cfF1E=s96-c, email=advaitjpatil@gmail.com, email_verified=true}
2026-01-30 10:04:18.566 INFO  com.example.service.CustomOAuth2UserService - 🔍 Processing user with email: advaitjpatil@gmail.com
2026-01-30 10:04:18.623 WARN  com.example.service.CustomOAuth2UserService - ⚠️ USER NOT FOUND. Starting Auto-Registration...
2026-01-30 10:04:18.800 INFO  com.example.service.CustomOAuth2UserService - ✅ NEW USER SAVED with ID: 1
2026-01-30 10:04:18.800 INFO  com.example.service.CustomOAuth2UserService -    Extracted Name: Advait Patil
2026-01-30 10:04:18.827 INFO  com.example.service.CustomOAuth2UserService - ✅ User Details Saved.
2026-01-30 10:04:18.827 INFO  com.example.service.CustomOAuth2UserService - =================================================
2026-01-30 10:04:18.888 INFO  com.example.security.OAuth2LoginSuccessHandler - =================================================
2026-01-30 10:04:18.889 INFO  com.example.security.OAuth2LoginSuccessHandler - 🎉 LOGIN SUCCESS: OAuth2 Authentication Successful!
2026-01-30 10:04:18.889 INFO  com.example.security.OAuth2LoginSuccessHandler - 📧 User Email from Context: advaitjpatil@gmail.com
2026-01-30 10:04:19.194 INFO  com.example.security.OAuth2LoginSuccessHandler - 🔑 JWT Generated Successfully!
2026-01-30 10:04:19.195 INFO  com.example.security.OAuth2LoginSuccessHandler - 🚀 Redirecting User to: http://localhost:3000/login/success?token=eyJhbGciOiJIUzUxMiJ9.eyJyb2xlIjoiY3VzdG9tZXIiLCJ1c2VySWQiOjEsImVtYWlsIjoiYWR2YWl0anBhdGlsQGdtYWlsLmNvbSIsInN1YiI6ImFkdmFpdGpwYXRpbEBnbWFpbC5jb20iLCJpYXQiOjE3Njk3NDc2NTksImV4cCI6MTc2OTgzNDA1OX0.aLCRqxDHmyqtwDLbbWjvOUtIdTVgPAVhGc6CkFk2MAya9zEwsJh90LhoPOkdSgF_SP7jw6ugCNrF_VYHRJVr6w
2026-01-30 10:38:12.715 WARN  com.zaxxer.hikari.pool.HikariPool - HikariPool-1 - Thread starvation or clock leap detected (housekeeper delta=31m6s559ms471µs100ns).
2026-01-30 10:48:53.688 WARN  com.zaxxer.hikari.pool.HikariPool - HikariPool-1 - Thread starvation or clock leap detected (housekeeper delta=10m40s973ms376µs800ns).
2026-01-30 11:00:14.997 INFO  org.springframework.boot.tomcat.GracefulShutdown - Commencing graceful shutdown. Waiting for active requests to complete
2026-01-30 11:00:15.285 INFO  org.springframework.boot.tomcat.GracefulShutdown - Graceful shutdown complete
2026-01-30 11:00:15.311 INFO  org.springframework.orm.jpa.LocalContainerEntityManagerFactoryBean - Closing JPA EntityManagerFactory for persistence unit 'default'
2026-01-30 11:00:15.314 INFO  com.zaxxer.hikari.HikariDataSource - HikariPool-1 - Shutdown initiated...
2026-01-30 11:00:15.319 INFO  com.zaxxer.hikari.HikariDataSource - HikariPool-1 - Shutdown completed.
2026-01-30 11:07:01.366 INFO  com.example.DemoApplication - Starting DemoApplication using Java 17.0.17 with PID 13620 (C:\Users\Advait\Intelli-j\JAVA_Backend\IdeaProjects\demo\target\classes started by Advait in C:\Users\Advait\Intelli-j\JAVA_Backend)
2026-01-30 11:07:01.369 INFO  com.example.DemoApplication - No active profile set, falling back to 1 default profile: "default"
2026-01-30 11:07:01.415 INFO  org.springframework.boot.devtools.env.DevToolsPropertyDefaultsPostProcessor - Devtools property defaults active! Set 'spring.devtools.add-properties' to 'false' to disable
2026-01-30 11:07:01.415 INFO  org.springframework.boot.devtools.env.DevToolsPropertyDefaultsPostProcessor - For additional web related logging consider setting the 'logging.level.web' property to 'DEBUG'
2026-01-30 11:07:02.259 INFO  org.springframework.data.repository.config.RepositoryConfigurationDelegate - Bootstrapping Spring Data JPA repositories in DEFAULT mode.
2026-01-30 11:07:02.358 INFO  org.springframework.data.repository.config.RepositoryConfigurationDelegate - Finished Spring Data repository scanning in 89 ms. Found 17 JPA repository interfaces.
2026-01-30 11:07:03.304 INFO  org.springframework.boot.tomcat.TomcatWebServer - Tomcat initialized with port 8080 (http)
2026-01-30 11:07:03.315 INFO  org.apache.coyote.http11.Http11NioProtocol - Initializing ProtocolHandler ["http-nio-8080"]
2026-01-30 11:07:03.318 INFO  org.apache.catalina.core.StandardService - Starting service [Tomcat]
2026-01-30 11:07:03.318 INFO  org.apache.catalina.core.StandardEngine - Starting Servlet engine: [Apache Tomcat/11.0.15]
2026-01-30 11:07:03.376 INFO  org.springframework.boot.web.context.servlet.WebApplicationContextInitializer - Root WebApplicationContext: initialization completed in 1959 ms
2026-01-30 11:07:03.661 INFO  org.hibernate.orm.jpa - HHH008540: Processing PersistenceUnitInfo [name: default]
2026-01-30 11:07:03.734 INFO  org.hibernate.orm.core - HHH000001: Hibernate ORM core version 7.2.0.Final
2026-01-30 11:07:04.195 INFO  org.springframework.orm.jpa.persistenceunit.SpringPersistenceUnitInfo - No LoadTimeWeaver setup: ignoring JPA class transformer
2026-01-30 11:07:04.237 INFO  com.zaxxer.hikari.HikariDataSource - HikariPool-1 - Starting...
2026-01-30 11:07:04.571 INFO  com.zaxxer.hikari.pool.HikariPool - HikariPool-1 - Added connection com.mysql.cj.jdbc.ConnectionImpl@5567d968
2026-01-30 11:07:04.573 INFO  com.zaxxer.hikari.HikariDataSource - HikariPool-1 - Start completed.
2026-01-30 11:07:04.641 WARN  org.hibernate.orm.deprecation - HHH90000025: MySQLDialect does not need to be specified explicitly using 'hibernate.dialect' (remove the property setting and it will be selected by default)
2026-01-30 11:07:04.662 INFO  org.hibernate.orm.connections.pooling - HHH10001005: Database info:
	Database JDBC URL [jdbc:mysql://localhost:3306/fleeman?useUnicode=true&characterEncoding=UTF-8&character_set_server=utf8mb4]
	Database driver: MySQL Connector/J
	Database dialect: MySQLDialect
	Database version: 8.0.35
	Default catalog/schema: fleeman/undefined
	Autocommit mode: undefined/unknown
	Isolation level: REPEATABLE_READ [default REPEATABLE_READ]
	JDBC fetch size: none
	Pool: DataSourceConnectionProvider
	Minimum pool size: undefined/unknown
	Maximum pool size: undefined/unknown
2026-01-30 11:07:06.022 INFO  org.hibernate.orm.core - HHH000489: No JTA platform available (set 'hibernate.transaction.jta.platform' to enable JTA platform integration)
2026-01-30 11:07:06.119 INFO  org.springframework.orm.jpa.LocalContainerEntityManagerFactoryBean - Initialized JPA EntityManagerFactory for persistence unit 'default'
2026-01-30 11:07:06.216 INFO  org.springframework.data.jpa.repository.query.QueryEnhancerFactories - Hibernate is in classpath; If applicable, HQL parser will be used.
2026-01-30 11:07:06.869 WARN  org.springframework.aop.framework.CglibAopProxy - Public final method [public final void org.springframework.security.oauth2.client.userinfo.DefaultOAuth2UserService.setRequestEntityConverter(org.springframework.core.convert.converter.Converter)] cannot get proxied via CGLIB, consider removing the final marker or using interface-based JDK proxies.
2026-01-30 11:07:06.869 WARN  org.springframework.aop.framework.CglibAopProxy - Public final method [public final void org.springframework.security.oauth2.client.userinfo.DefaultOAuth2UserService.setRestOperations(org.springframework.web.client.RestOperations)] cannot get proxied via CGLIB, consider removing the final marker or using interface-based JDK proxies.
2026-01-30 11:07:07.555 WARN  org.springframework.boot.jpa.autoconfigure.JpaBaseConfiguration$JpaWebConfiguration - spring.jpa.open-in-view is enabled by default. Therefore, database queries may be performed during view rendering. Explicitly configure spring.jpa.open-in-view to disable this warning
2026-01-30 11:07:08.410 INFO  org.springframework.boot.actuate.endpoint.web.EndpointLinksResolver - Exposing 3 endpoints beneath base path '/actuator'
2026-01-30 11:07:08.478 INFO  org.apache.coyote.http11.Http11NioProtocol - Starting ProtocolHandler ["http-nio-8080"]
2026-01-30 11:07:08.493 INFO  org.springframework.boot.tomcat.TomcatWebServer - Tomcat started on port 8080 (http) with context path '/'
2026-01-30 11:07:08.504 INFO  com.example.DemoApplication - Started DemoApplication in 7.633 seconds (process running for 8.182)
2026-01-30 11:07:28.177 INFO  org.springframework.boot.tomcat.GracefulShutdown - Commencing graceful shutdown. Waiting for active requests to complete
2026-01-30 11:07:28.415 INFO  org.springframework.boot.tomcat.GracefulShutdown - Graceful shutdown complete
2026-01-30 11:07:28.426 INFO  org.springframework.orm.jpa.LocalContainerEntityManagerFactoryBean - Closing JPA EntityManagerFactory for persistence unit 'default'
2026-01-30 11:07:28.432 INFO  com.zaxxer.hikari.HikariDataSource - HikariPool-1 - Shutdown initiated...
2026-01-30 11:07:28.456 INFO  com.zaxxer.hikari.HikariDataSource - HikariPool-1 - Shutdown completed.
2026-01-30 11:07:30.684 INFO  com.example.DemoApplication - Starting DemoApplication using Java 17.0.17 with PID 25548 (C:\Users\Advait\Intelli-j\JAVA_Backend\IdeaProjects\demo\target\classes started by Advait in C:\Users\Advait\Intelli-j\JAVA_Backend)
2026-01-30 11:07:30.687 INFO  com.example.DemoApplication - No active profile set, falling back to 1 default profile: "default"
2026-01-30 11:07:30.741 INFO  org.springframework.boot.devtools.env.DevToolsPropertyDefaultsPostProcessor - Devtools property defaults active! Set 'spring.devtools.add-properties' to 'false' to disable
2026-01-30 11:07:30.741 INFO  org.springframework.boot.devtools.env.DevToolsPropertyDefaultsPostProcessor - For additional web related logging consider setting the 'logging.level.web' property to 'DEBUG'
2026-01-30 11:07:31.657 INFO  org.springframework.data.repository.config.RepositoryConfigurationDelegate - Bootstrapping Spring Data JPA repositories in DEFAULT mode.
2026-01-30 11:07:31.740 INFO  org.springframework.data.repository.config.RepositoryConfigurationDelegate - Finished Spring Data repository scanning in 76 ms. Found 17 JPA repository interfaces.
2026-01-30 11:07:32.543 INFO  org.springframework.boot.tomcat.TomcatWebServer - Tomcat initialized with port 8080 (http)
2026-01-30 11:07:32.550 INFO  org.apache.coyote.http11.Http11NioProtocol - Initializing ProtocolHandler ["http-nio-8080"]
2026-01-30 11:07:32.552 INFO  org.apache.catalina.core.StandardService - Starting service [Tomcat]
2026-01-30 11:07:32.553 INFO  org.apache.catalina.core.StandardEngine - Starting Servlet engine: [Apache Tomcat/11.0.15]
2026-01-30 11:07:32.597 INFO  org.springframework.boot.web.context.servlet.WebApplicationContextInitializer - Root WebApplicationContext: initialization completed in 1854 ms
2026-01-30 11:07:32.858 INFO  org.hibernate.orm.jpa - HHH008540: Processing PersistenceUnitInfo [name: default]
2026-01-30 11:07:32.898 INFO  org.hibernate.orm.core - HHH000001: Hibernate ORM core version 7.2.0.Final
2026-01-30 11:07:33.264 INFO  org.springframework.orm.jpa.persistenceunit.SpringPersistenceUnitInfo - No LoadTimeWeaver setup: ignoring JPA class transformer
2026-01-30 11:07:33.291 INFO  com.zaxxer.hikari.HikariDataSource - HikariPool-1 - Starting...
2026-01-30 11:07:33.577 INFO  com.zaxxer.hikari.pool.HikariPool - HikariPool-1 - Added connection com.mysql.cj.jdbc.ConnectionImpl@5dd52300
2026-01-30 11:07:33.578 INFO  com.zaxxer.hikari.HikariDataSource - HikariPool-1 - Start completed.
2026-01-30 11:07:33.626 WARN  org.hibernate.orm.deprecation - HHH90000025: MySQLDialect does not need to be specified explicitly using 'hibernate.dialect' (remove the property setting and it will be selected by default)
2026-01-30 11:07:33.640 INFO  org.hibernate.orm.connections.pooling - HHH10001005: Database info:
	Database JDBC URL [jdbc:mysql://localhost:3306/fleeman?useUnicode=true&characterEncoding=UTF-8&character_set_server=utf8mb4]
	Database driver: MySQL Connector/J
	Database dialect: MySQLDialect
	Database version: 8.0.35
	Default catalog/schema: fleeman/undefined
	Autocommit mode: undefined/unknown
	Isolation level: REPEATABLE_READ [default REPEATABLE_READ]
	JDBC fetch size: none
	Pool: DataSourceConnectionProvider
	Minimum pool size: undefined/unknown
	Maximum pool size: undefined/unknown
2026-01-30 11:07:35.100 INFO  org.hibernate.orm.core - HHH000489: No JTA platform available (set 'hibernate.transaction.jta.platform' to enable JTA platform integration)
2026-01-30 11:07:35.292 INFO  org.springframework.orm.jpa.LocalContainerEntityManagerFactoryBean - Initialized JPA EntityManagerFactory for persistence unit 'default'
2026-01-30 11:07:35.542 INFO  org.springframework.data.jpa.repository.query.QueryEnhancerFactories - Hibernate is in classpath; If applicable, HQL parser will be used.
2026-01-30 11:07:37.119 WARN  org.springframework.aop.framework.CglibAopProxy - Public final method [public final void org.springframework.security.oauth2.client.userinfo.DefaultOAuth2UserService.setRequestEntityConverter(org.springframework.core.convert.converter.Converter)] cannot get proxied via CGLIB, consider removing the final marker or using interface-based JDK proxies.
2026-01-30 11:07:37.119 WARN  org.springframework.aop.framework.CglibAopProxy - Public final method [public final void org.springframework.security.oauth2.client.userinfo.DefaultOAuth2UserService.setRestOperations(org.springframework.web.client.RestOperations)] cannot get proxied via CGLIB, consider removing the final marker or using interface-based JDK proxies.
2026-01-30 11:07:38.271 WARN  org.springframework.boot.jpa.autoconfigure.JpaBaseConfiguration$JpaWebConfiguration - spring.jpa.open-in-view is enabled by default. Therefore, database queries may be performed during view rendering. Explicitly configure spring.jpa.open-in-view to disable this warning
2026-01-30 11:07:40.307 INFO  org.springframework.boot.actuate.endpoint.web.EndpointLinksResolver - Exposing 3 endpoints beneath base path '/actuator'
2026-01-30 11:07:40.453 INFO  org.apache.coyote.http11.Http11NioProtocol - Starting ProtocolHandler ["http-nio-8080"]
2026-01-30 11:07:40.477 INFO  org.springframework.boot.tomcat.TomcatWebServer - Tomcat started on port 8080 (http) with context path '/'
2026-01-30 11:07:40.495 INFO  com.example.DemoApplication - Started DemoApplication in 10.306 seconds (process running for 10.868)
2026-01-30 11:07:50.761 INFO  org.springframework.boot.tomcat.GracefulShutdown - Commencing graceful shutdown. Waiting for active requests to complete
2026-01-30 11:07:51.068 INFO  org.springframework.boot.tomcat.GracefulShutdown - Graceful shutdown complete
2026-01-30 11:07:51.084 INFO  org.springframework.orm.jpa.LocalContainerEntityManagerFactoryBean - Closing JPA EntityManagerFactory for persistence unit 'default'
2026-01-30 11:07:51.093 INFO  com.zaxxer.hikari.HikariDataSource - HikariPool-1 - Shutdown initiated...
2026-01-30 11:07:51.109 INFO  com.zaxxer.hikari.HikariDataSource - HikariPool-1 - Shutdown completed.
2026-01-30 11:08:30.134 INFO  com.example.DemoApplication - Starting DemoApplication using Java 17.0.17 with PID 14756 (C:\Users\Advait\Intelli-j\JAVA_Backend\IdeaProjects\demo\target\classes started by Advait in C:\Users\Advait\Intelli-j\JAVA_Backend)
2026-01-30 11:08:30.137 INFO  com.example.DemoApplication - No active profile set, falling back to 1 default profile: "default"
2026-01-30 11:08:30.182 INFO  org.springframework.boot.devtools.env.DevToolsPropertyDefaultsPostProcessor - Devtools property defaults active! Set 'spring.devtools.add-properties' to 'false' to disable
2026-01-30 11:08:30.182 INFO  org.springframework.boot.devtools.env.DevToolsPropertyDefaultsPostProcessor - For additional web related logging consider setting the 'logging.level.web' property to 'DEBUG'
2026-01-30 11:08:30.967 INFO  org.springframework.data.repository.config.RepositoryConfigurationDelegate - Bootstrapping Spring Data JPA repositories in DEFAULT mode.
2026-01-30 11:08:31.068 INFO  org.springframework.data.repository.config.RepositoryConfigurationDelegate - Finished Spring Data repository scanning in 89 ms. Found 17 JPA repository interfaces.
2026-01-30 11:08:31.872 INFO  org.springframework.boot.tomcat.TomcatWebServer - Tomcat initialized with port 8080 (http)
2026-01-30 11:08:31.880 INFO  org.apache.coyote.http11.Http11NioProtocol - Initializing ProtocolHandler ["http-nio-8080"]
2026-01-30 11:08:31.882 INFO  org.apache.catalina.core.StandardService - Starting service [Tomcat]
2026-01-30 11:08:31.882 INFO  org.apache.catalina.core.StandardEngine - Starting Servlet engine: [Apache Tomcat/11.0.15]
2026-01-30 11:08:31.945 INFO  org.springframework.boot.web.context.servlet.WebApplicationContextInitializer - Root WebApplicationContext: initialization completed in 1762 ms
2026-01-30 11:08:32.197 INFO  org.hibernate.orm.jpa - HHH008540: Processing PersistenceUnitInfo [name: default]
2026-01-30 11:08:32.238 INFO  org.hibernate.orm.core - HHH000001: Hibernate ORM core version 7.2.0.Final
2026-01-30 11:08:32.988 INFO  org.springframework.orm.jpa.persistenceunit.SpringPersistenceUnitInfo - No LoadTimeWeaver setup: ignoring JPA class transformer
2026-01-30 11:08:33.070 INFO  com.zaxxer.hikari.HikariDataSource - HikariPool-1 - Starting...
2026-01-30 11:08:33.625 INFO  com.zaxxer.hikari.pool.HikariPool - HikariPool-1 - Added connection com.mysql.cj.jdbc.ConnectionImpl@615cbcb5
2026-01-30 11:08:33.629 INFO  com.zaxxer.hikari.HikariDataSource - HikariPool-1 - Start completed.
2026-01-30 11:08:33.737 WARN  org.hibernate.orm.deprecation - HHH90000025: MySQLDialect does not need to be specified explicitly using 'hibernate.dialect' (remove the property setting and it will be selected by default)
2026-01-30 11:08:33.791 INFO  org.hibernate.orm.connections.pooling - HHH10001005: Database info:
	Database JDBC URL [jdbc:mysql://localhost:3306/fleeman?useUnicode=true&characterEncoding=UTF-8&character_set_server=utf8mb4]
	Database driver: MySQL Connector/J
	Database dialect: MySQLDialect
	Database version: 8.0.35
	Default catalog/schema: fleeman/undefined
	Autocommit mode: undefined/unknown
	Isolation level: REPEATABLE_READ [default REPEATABLE_READ]
	JDBC fetch size: none
	Pool: DataSourceConnectionProvider
	Minimum pool size: undefined/unknown
	Maximum pool size: undefined/unknown
2026-01-30 11:08:36.893 INFO  org.hibernate.orm.core - HHH000489: No JTA platform available (set 'hibernate.transaction.jta.platform' to enable JTA platform integration)
2026-01-30 11:08:37.053 INFO  org.springframework.orm.jpa.LocalContainerEntityManagerFactoryBean - Initialized JPA EntityManagerFactory for persistence unit 'default'
2026-01-30 11:08:37.257 INFO  org.springframework.data.jpa.repository.query.QueryEnhancerFactories - Hibernate is in classpath; If applicable, HQL parser will be used.
2026-01-30 11:08:39.326 WARN  org.springframework.aop.framework.CglibAopProxy - Public final method [public final void org.springframework.security.oauth2.client.userinfo.DefaultOAuth2UserService.setRequestEntityConverter(org.springframework.core.convert.converter.Converter)] cannot get proxied via CGLIB, consider removing the final marker or using interface-based JDK proxies.
2026-01-30 11:08:39.326 WARN  org.springframework.aop.framework.CglibAopProxy - Public final method [public final void org.springframework.security.oauth2.client.userinfo.DefaultOAuth2UserService.setRestOperations(org.springframework.web.client.RestOperations)] cannot get proxied via CGLIB, consider removing the final marker or using interface-based JDK proxies.
2026-01-30 11:08:40.490 WARN  org.springframework.boot.jpa.autoconfigure.JpaBaseConfiguration$JpaWebConfiguration - spring.jpa.open-in-view is enabled by default. Therefore, database queries may be performed during view rendering. Explicitly configure spring.jpa.open-in-view to disable this warning
2026-01-30 11:08:42.505 INFO  org.springframework.boot.actuate.endpoint.web.EndpointLinksResolver - Exposing 3 endpoints beneath base path '/actuator'
2026-01-30 11:08:42.635 INFO  org.apache.coyote.http11.Http11NioProtocol - Starting ProtocolHandler ["http-nio-8080"]
2026-01-30 11:08:42.659 INFO  org.springframework.boot.tomcat.TomcatWebServer - Tomcat started on port 8080 (http) with context path '/'
2026-01-30 11:08:42.676 INFO  com.example.DemoApplication - Started DemoApplication in 13.153 seconds (process running for 13.819)
2026-01-30 11:09:22.340 INFO  org.apache.catalina.core.ContainerBase.[Tomcat].[localhost].[/] - Initializing Spring DispatcherServlet 'dispatcherServlet'
2026-01-30 11:09:22.340 INFO  org.springframework.web.servlet.DispatcherServlet - Initializing Servlet 'dispatcherServlet'
2026-01-30 11:09:22.343 INFO  org.springframework.web.servlet.DispatcherServlet - Completed initialization in 3 ms
2026-01-30 11:29:12.140 INFO  org.springframework.boot.tomcat.GracefulShutdown - Commencing graceful shutdown. Waiting for active requests to complete
2026-01-30 11:29:12.325 INFO  org.springframework.boot.tomcat.GracefulShutdown - Graceful shutdown complete
2026-01-30 11:29:12.350 INFO  org.springframework.orm.jpa.LocalContainerEntityManagerFactoryBean - Closing JPA EntityManagerFactory for persistence unit 'default'
2026-01-30 11:29:12.355 INFO  com.zaxxer.hikari.HikariDataSource - HikariPool-1 - Shutdown initiated...
2026-01-30 11:29:12.361 INFO  com.zaxxer.hikari.HikariDataSource - HikariPool-1 - Shutdown completed.
